<?xml version="1.0" encoding="UTF-8"?>
<!-- Generated by org.testng.reporters.JUnitReportReporter -->
<testsuite hostname="yogi" failures="0" tests="4" name="TestNg.Priority_Invocation_Enabled" time="0.076" errors="0" timestamp="2023-10-05T16:07:40 IST" skipped="0">
  <testcase classname="TestNg.Priority_Invocation_Enabled" name="demo1" time="0.008"/>
  <testcase classname="TestNg.Priority_Invocation_Enabled" name="demo1" time="0.043"/>
  <testcase classname="TestNg.Priority_Invocation_Enabled" name="demo3" time="0.013"/>
  <testcase classname="TestNg.Priority_Invocation_Enabled" name="demo2" time="0.012"/>
</testsuite> <!-- TestNg.Priority_Invocation_Enabled -->
