<?xml version="1.0" encoding="UTF-8"?>
<!-- Generated by org.testng.reporters.JUnitReportReporter -->
<testsuite hostname="yogi" failures="0" tests="2" name="TestNg.Assertion" time="27.639" errors="0" timestamp="2023-10-05T16:09:58 IST" skipped="0">
  <testcase classname="TestNg.Assertion" name="Fb" time="23.404"/>
  <testcase classname="TestNg.Assertion" name="closing" time="4.235"/>
</testsuite> <!-- TestNg.Assertion -->
