<?xml version="1.0" encoding="UTF-8"?>
<!-- Generated by org.testng.reporters.JUnitReportReporter -->
<testsuite hostname="yogi" failures="0" tests="1" name="TestNg_FalingPurpose.SnapDeal" time="66.263" errors="0" timestamp="2023-10-06T15:12:44 IST" skipped="0">
  <testcase classname="TestNg_FalingPurpose.SnapDeal" name="sd" time="66.263"/>
</testsuite> <!-- TestNg_FalingPurpose.SnapDeal -->
