<?xml version="1.0" encoding="UTF-8"?>
<!-- Generated by org.testng.reporters.JUnitReportReporter -->
<testsuite hostname="yogi" failures="0" tests="1" name="TestNg_Group.Sample1" time="0.059" errors="0" timestamp="2023-10-05T15:23:06 IST" skipped="0">
  <testcase classname="TestNg_Group.Sample1" name="demo2" time="0.059"/>
</testsuite> <!-- TestNg_Group.Sample1 -->
