<?xml version="1.0" encoding="UTF-8"?>
<!-- Generated by org.testng.reporters.JUnitReportReporter -->
<testsuite hostname="yogi" failures="0" tests="1" name="TestNg_FalingPurpose.AMazon" time="38.041" errors="0" timestamp="2023-10-06T15:12:44 IST" skipped="0">
  <testcase classname="TestNg_FalingPurpose.AMazon" name="am" time="38.041"/>
</testsuite> <!-- TestNg_FalingPurpose.AMazon -->
