<?xml version="1.0" encoding="UTF-8"?>
<!-- Generated by org.testng.reporters.JUnitReportReporter -->
<testsuite hostname="yogi" failures="0" tests="3" name="TestNg.DataProviders" time="50.004" errors="0" timestamp="2023-10-06T15:54:12 IST" skipped="0">
  <testcase classname="TestNg.DataProviders" name="demo" time="14.170"/>
  <testcase classname="TestNg.DataProviders" name="demo" time="20.982"/>
  <testcase classname="TestNg.DataProviders" name="demo" time="14.852"/>
</testsuite> <!-- TestNg.DataProviders -->
