<?xml version="1.0" encoding="UTF-8"?>
<!-- Generated by org.testng.reporters.JUnitReportReporter -->
<testsuite hostname="yogi" failures="0" tests="2" name="TestNg_Parallel.Compatibility_Parallel" time="55.675" errors="0" timestamp="2023-10-05T15:09:20 IST" skipped="0">
  <testcase classname="TestNg_Parallel.Compatibility_Parallel" name="fb" time="28.340"/>
  <testcase classname="TestNg_Parallel.Compatibility_Parallel" name="fb" time="27.335"/>
</testsuite> <!-- TestNg_Parallel.Compatibility_Parallel -->
