<?xml version="1.0" encoding="UTF-8"?>
<!-- Generated by org.testng.reporters.JUnitReportReporter -->
<testsuite hostname="yogi" failures="0" tests="3" name="TestNg_Annotation.Amazon_Facebook_Snapdeal" time="106.485" errors="0" timestamp="2023-10-06T14:43:54 IST" skipped="0">
  <testcase classname="TestNg_Annotation.Amazon_Facebook_Snapdeal" name="fb" time="50.748"/>
  <testcase classname="TestNg_Annotation.Amazon_Facebook_Snapdeal" name="amazon" time="35.633"/>
  <testcase classname="TestNg_Annotation.Amazon_Facebook_Snapdeal" name="snapdeal" time="20.104"/>
</testsuite> <!-- TestNg_Annotation.Amazon_Facebook_Snapdeal -->
