<?xml version="1.0" encoding="UTF-8"?>
<!-- Generated by org.testng.reporters.JUnitReportReporter -->
<testsuite hostname="yogi" failures="0" tests="1" name="TestNg_FalingPurpose.Facebook" time="14.902" errors="0" timestamp="2023-10-06T15:14:31 IST" skipped="0">
  <testcase classname="TestNg_FalingPurpose.Facebook" name="fb" time="14.902"/>
</testsuite> <!-- TestNg_FalingPurpose.Facebook -->
