<?xml version="1.0" encoding="UTF-8"?>
<!-- Generated by org.testng.reporters.JUnitReportReporter -->
<testsuite hostname="yogi" failures="0" tests="1" name="TestNg_Sequential.Facebook" time="59.317" errors="0" timestamp="2023-10-05T14:25:11 IST" skipped="0">
  <testcase classname="TestNg_Sequential.Facebook" name="fb" time="59.317"/>
</testsuite> <!-- TestNg_Sequential.Facebook -->
